\BOOKMARK [1][]{section.1}{1. Introduction and the main results}{}% 1
\BOOKMARK [2][]{subsection.1.1}{1.1. Unitary representations and the orbit method}{section.1}% 2
\BOOKMARK [2][]{subsection.1.2}{1.2. Special unipotent representations of classical groups of type B, C or D}{section.1}% 3
\BOOKMARK [2][]{subsection.1.3}{1.3. Combinatorial construct: painted bipartitions}{section.1}% 4
\BOOKMARK [2][]{subsection.1.4}{1.4. Counting special unipotent representations by painted bipartitions}{section.1}% 5
\BOOKMARK [2][]{subsection.1.5}{1.5. Descending painted bipartitions and constructing representations by induction}{section.1}% 6
\BOOKMARK [2][]{subsection.1.6}{1.6. Computing associated cycles of the constructed representations}{section.1}% 7
\BOOKMARK [1][]{section.2}{2. Descents of painted bipartitions: combinatorics}{}% 8
\BOOKMARK [2][]{subsection.2.1}{2.1. Naive descents of painted bipartitions }{section.2}% 9
\BOOKMARK [2][]{subsection.2.2}{2.2. Descents of painted bipartitions}{section.2}% 10
\BOOKMARK [1][]{section.3}{3. From painted bipartitions to associated cycles}{}% 11
\BOOKMARK [2][]{subsection.3.1}{3.1. Classical spaces}{section.3}% 12
\BOOKMARK [2][]{subsection.3.2}{3.2. The moment maps}{section.3}% 13
\BOOKMARK [2][]{subsection.3.3}{3.3. Geometric theta lift}{section.3}% 14
\BOOKMARK [2][]{subsection.3.4}{3.4. Associated cycles of painted bipartitions}{section.3}% 15
\BOOKMARK [2][]{subsection.3.5}{3.5. Distinguishing the constructed representations}{section.3}% 16
\BOOKMARK [1][]{section.4}{4. Theta lifts via matrix coefficient integrals}{}% 17
\BOOKMARK [2][]{subsection.4.1}{4.1. The oscillator representation}{section.4}% 18
\BOOKMARK [2][]{subsection.4.2}{4.2. Growth of Casselman-Wallach representations}{section.4}% 19
\BOOKMARK [2][]{subsection.4.3}{4.3. Matrix coefficient integrals against the oscillator representation}{section.4}% 20
\BOOKMARK [2][]{subsection.4.4}{4.4. Unitarity}{section.4}% 21
\BOOKMARK [1][]{section.5}{5. Double theta lifts and degenerate principal series}{}% 22
\BOOKMARK [2][]{subsection.5.1}{5.1. Matrix coefficient integrals and double theta lifts}{section.5}% 23
\BOOKMARK [2][]{subsection.5.2}{5.2. Matrix coefficient integrals against degenerate principal series}{section.5}% 24
\BOOKMARK [2][]{subsection.5.3}{5.3. Double theta lifts and parabolic induction}{section.5}% 25
\BOOKMARK [1][]{section.6}{6. Bounding the associated cycles}{}% 26
\BOOKMARK [2][]{subsection.6.1}{6.1. Associated cycles}{section.6}% 27
\BOOKMARK [2][]{subsection.6.2}{6.2. Algebraic theta lifts and commutative theta lifts}{section.6}% 28
\BOOKMARK [2][]{subsection.6.3}{6.3. Regular descents of nilpotent orbits}{section.6}% 29
\BOOKMARK [2][]{subsection.6.4}{6.4. Commutative theta lifts and geometric theta lifts}{section.6}% 30
\BOOKMARK [2][]{subsection.6.5}{6.5. Algebraic theta lifts and geometric theta lifts}{section.6}% 31
\BOOKMARK [2][]{subsection.6.6}{6.6. Geometries of regular descent}{section.6}% 32
\BOOKMARK [1][]{section.7}{7. Induced orbits and double geometric lifts}{}% 33
\BOOKMARK [2][]{subsubsection.7.0.1}{7.0.1. On certain induced orbits}{section.7}% 34
\BOOKMARK [3][]{subsubsection.7.0.2}{7.0.2. Finishing the proof when G is a real orthogonal group}{subsubsection.7.0.1}% 35
\BOOKMARK [3][]{subsubsection.7.0.3}{7.0.3. Finishing the proof when G is a real symplectic group}{subsubsection.7.0.1}% 36
\BOOKMARK [3][]{subsubsection.7.0.4}{7.0.4. Finishing the proof when G is a quaternionic symplectic group}{subsubsection.7.0.1}% 37
\BOOKMARK [3][]{subsubsection.7.0.5}{7.0.5. Finishing the proof when G is a quaternionic orthogonal group}{subsubsection.7.0.1}% 38
\BOOKMARK [1][]{section.8}{8. The unipotent representations construction and iterated theta lifting}{}% 39
\BOOKMARK [2][]{subsection.8.1}{8.1. The construction}{section.8}% 40
\BOOKMARK [1][]{section.9}{9. Concluding remarks}{}% 41
\BOOKMARK [1][]{appendix.A}{Appendix A. Combinatorial parameterization of special unipotent representations}{}% 42
\BOOKMARK [2][]{subsection.A.1}{A.1. Parameterize of Unipotent representations}{appendix.A}% 43
\BOOKMARK [2][]{subsection.A.2}{A.2. Combinatorics of Weyl group representations}{appendix.A}% 44
\BOOKMARK [3][]{subsubsection.A.2.1}{A.2.1. Coherent continuation representations}{subsection.A.2}% 45
\BOOKMARK [1][]{appendix.B}{Appendix B. A few geometric facts}{}% 46
\BOOKMARK [2][]{subsection.B.1}{B.1. Geometry of moment maps}{appendix.B}% 47
\BOOKMARK [3][]{subsubsection.B.1.1}{B.1.1. Scheme theoretical results on descents}{subsection.B.1}% 48
\BOOKMARK [3][]{subsubsection.B.1.2}{B.1.2. Scheme theoretical results on generalized descents of good orbits}{subsection.B.1}% 49
\BOOKMARK [2][]{subsection.B.2}{B.2. Proof of lem:indR}{appendix.B}% 50
\BOOKMARK [1][]{section*.2}{References}{}% 51
