\BOOKMARK [1][]{section.1}{1. Introduction and the main results}{}% 1
\BOOKMARK [2][]{subsection.1.1}{1.1. Unitary representations and the orbit method}{section.1}% 2
\BOOKMARK [2][]{subsection.1.2}{1.2. Special unipotent representations of classical groups of type B, C or D}{section.1}% 3
\BOOKMARK [2][]{subsection.1.3}{1.3. Combinatorial construct: painted bipartitions}{section.1}% 4
\BOOKMARK [2][]{subsection.1.4}{1.4. Counting special unipotent representations by painted bipartitions}{section.1}% 5
\BOOKMARK [2][]{subsection.1.5}{1.5. Descending painted bipartitions and constructing representations by induction}{section.1}% 6
\BOOKMARK [2][]{subsection.1.6}{1.6. Computing associated cycles of the constructed representations}{section.1}% 7
\BOOKMARK [1][]{section.2}{2. Descents of painted bipartitions: combinatorics}{}% 8
\BOOKMARK [2][]{subsection.2.1}{2.1. Naive descent of a painted bipartition }{section.2}% 9
\BOOKMARK [2][]{subsection.2.2}{2.2. Descents of painted bipartitions}{section.2}% 10
\BOOKMARK [1][]{section.3}{3. From painted bipartitions to associated cycles}{}% 11
\BOOKMARK [2][]{subsection.3.1}{3.1. Classical spaces}{section.3}% 12
\BOOKMARK [2][]{subsection.3.2}{3.2. The moment maps}{section.3}% 13
\BOOKMARK [2][]{subsection.3.3}{3.3. Geometric theta lift}{section.3}% 14
\BOOKMARK [2][]{subsection.3.4}{3.4. Associated cycles of painted bipartitions}{section.3}% 15
\BOOKMARK [2][]{subsection.3.5}{3.5. Distinguishing the constructed representations}{section.3}% 16
\BOOKMARK [1][]{section.4}{4. Theta lifts via matrix coefficient integrals}{}% 17
\BOOKMARK [2][]{subsection.4.1}{4.1. The oscillator representation}{section.4}% 18
\BOOKMARK [2][]{subsection.4.2}{4.2. Growth of Casselman-Wallach representations}{section.4}% 19
\BOOKMARK [2][]{subsection.4.3}{4.3. Matrix coefficient integrals against the oscillator representation}{section.4}% 20
\BOOKMARK [2][]{subsection.4.4}{4.4. Unitarity}{section.4}% 21
\BOOKMARK [1][]{section.5}{5. Double theta lifts and degenerate principal series}{}% 22
\BOOKMARK [2][]{subsection.5.1}{5.1. Matrix coefficient integrals and double theta lifts}{section.5}% 23
\BOOKMARK [2][]{subsection.5.2}{5.2. Matrix coefficient integrals against degenerate principal series}{section.5}% 24
\BOOKMARK [2][]{subsection.5.3}{5.3. Double theta lifts and parabolic induction}{section.5}% 25
\BOOKMARK [1][]{section.6}{6. Bounding the associated cycles}{}% 26
\BOOKMARK [2][]{subsection.6.1}{6.1. Associated cycles}{section.6}% 27
\BOOKMARK [2][]{subsection.6.2}{6.2. Algebraic theta lifts and commutative theta lifts}{section.6}% 28
\BOOKMARK [2][]{subsection.6.3}{6.3. Regular descent of a nilpotent orbit}{section.6}% 29
\BOOKMARK [2][]{subsection.6.4}{6.4. Commutative theta lifts and geometric theta lifts}{section.6}% 30
\BOOKMARK [2][]{subsection.6.5}{6.5. Algebraic theta lifts and geometric theta lifts}{section.6}% 31
\BOOKMARK [1][]{section.7}{7. A proof of Theorem 3.9 }{}% 32
\BOOKMARK [2][]{subsection.7.1}{7.1. Tails of painted bipartitions}{section.7}% 33
\BOOKMARK [1][]{section.8}{8. Combinatorics}{}% 34
\BOOKMARK [2][]{subsection.8.1}{8.1. An upper bound on the associated character of certain theta lift}{section.8}% 35
\BOOKMARK [2][]{subsection.8.2}{8.2. The representation '* I\(\)}{section.8}% 36
\BOOKMARK [2][]{subsection.8.3}{8.3. Degenerate principal series and Rallis quotients}{section.8}% 37
\BOOKMARK [1][]{section.9}{9. Bounding the associated cycles}{}% 38
\BOOKMARK [2][]{subsection.9.1}{9.1. Good descents of nilpotent orbits}{section.9}% 39
\BOOKMARK [3][]{subsubsection.9.1.1}{9.1.1. Associated characters and associated cycles}{subsection.9.1}% 40
\BOOKMARK [3][]{subsubsection.9.1.2}{9.1.2. Algebraic theta lifting}{subsection.9.1}% 41
\BOOKMARK [3][]{subsubsection.9.1.3}{9.1.3. The bound in the descent and good generalized descent cases}{subsection.9.1}% 42
\BOOKMARK [2][]{subsection.9.2}{9.2. Some properties of the descent maps}{section.9}% 43
\BOOKMARK [3][]{subsubsection.9.2.1}{9.2.1. Moment maps}{subsection.9.2}% 44
\BOOKMARK [3][]{subsubsection.9.2.2}{9.2.2. An algebraic character}{subsection.9.2}% 45
\BOOKMARK [3][]{subsubsection.9.2.3}{9.2.3. Lift of algebraic vector bundles}{subsection.9.2}% 46
\BOOKMARK [2][]{subsection.9.3}{9.3. Geometric theta lift}{section.9}% 47
\BOOKMARK [2][]{subsection.9.4}{9.4. Real form, Cartan involution, and \(, \)-space}{section.9}% 48
\BOOKMARK [2][]{subsection.9.5}{9.5. Metaplectic cover}{section.9}% 49
\BOOKMARK [2][]{subsection.9.6}{9.6. Young diagrams and complex nilpotent orbits}{section.9}% 50
\BOOKMARK [2][]{subsection.9.7}{9.7. Signed Young diagrams and rational nilpotent orbits}{section.9}% 51
\BOOKMARK [3][]{subsubsection.9.7.1}{9.7.1. Parametrization}{subsection.9.7}% 52
\BOOKMARK [3][]{subsubsection.9.7.2}{9.7.2. Stabilizers}{subsection.9.7}% 53
\BOOKMARK [2][]{subsection.9.8}{9.8. Dual pairs, descent and lift of nilpotent orbits}{section.9}% 54
\BOOKMARK [3][]{subsubsection.9.8.1}{9.8.1. Lifts and descents of nilpotent orbits}{subsection.9.8}% 55
\BOOKMARK [3][]{subsubsection.9.8.2}{9.8.2. Generalized descent of nilpotent orbits}{subsection.9.8}% 56
\BOOKMARK [3][]{subsubsection.9.8.3}{9.8.3. Map between isotropy groups}{subsection.9.8}% 57
\BOOKMARK [2][]{subsection.9.9}{9.9. Lifting of equivariant vector bundles and admissible orbit data}{section.9}% 58
\BOOKMARK [3][]{subsubsection.9.9.1}{9.9.1. An algebraic character}{subsection.9.9}% 59
\BOOKMARK [3][]{subsubsection.9.9.2}{9.9.2. Lift of algebraic vector bundles}{subsection.9.9}% 60
\BOOKMARK [3][]{subsubsection.9.9.3}{9.9.3. Lift of admissible orbit data}{subsection.9.9}% 61
\BOOKMARK [1][]{section.10}{10. Combinatoral Convention on the local system}{}% 62
\BOOKMARK [2][]{subsection.10.1}{10.1. Commutative free monoid}{section.10}% 63
\BOOKMARK [2][]{subsection.10.2}{10.2. Marked Young diagram}{section.10}% 64
\BOOKMARK [3][]{subsubsection.10.2.1}{10.2.1. Local systems}{subsection.10.2}% 65
\BOOKMARK [2][]{subsection.10.3}{10.3. Operations on KM\(\)}{section.10}% 66
\BOOKMARK [3][]{subsubsection.10.3.1}{10.3.1. Character twists on KM\(D\) and KM\(B\)}{subsection.10.3}% 67
\BOOKMARK [3][]{subsubsection.10.3.2}{10.3.2. Twists on KM\(C\) and KM\(M\)}{subsection.10.3}% 68
\BOOKMARK [3][]{subsubsection.10.3.3}{10.3.3. Truncations}{subsection.10.3}% 69
\BOOKMARK [2][]{subsection.10.4}{10.4. Theta lifts of local systems}{section.10}% 70
\BOOKMARK [3][]{subsubsection.10.4.1}{10.4.1. Lift from type C to D}{subsection.10.4}% 71
\BOOKMARK [3][]{subsubsection.10.4.2}{10.4.2. Lift from type D to type C}{subsection.10.4}% 72
\BOOKMARK [3][]{subsubsection.10.4.3}{10.4.3. Lift from type M to B}{subsection.10.4}% 73
\BOOKMARK [3][]{subsubsection.10.4.4}{10.4.4. Lift from type B to type M}{subsection.10.4}% 74
\BOOKMARK [2][]{subsection.10.5}{10.5. Examples and remarks}{section.10}% 75
\BOOKMARK [3][]{subsubsection.10.5.1}{10.5.1. Example}{subsection.10.5}% 76
\BOOKMARK [3][]{subsubsection.10.5.2}{10.5.2. Signs of the local systems obtained by iterated lifting}{subsection.10.5}% 77
\BOOKMARK [1][]{section.11}{11. Proof of main theorem in the type C/D case}{}% 78
\BOOKMARK [2][]{subsection.11.1}{11.1. Notation}{section.11}% 79
\BOOKMARK [3][]{subsubsection.11.1.1}{11.1.1. Main proposition}{subsection.11.1}% 80
\BOOKMARK [3][]{subsubsection.11.1.2}{11.1.2. How to think about the factorization of local systems}{subsection.11.1}% 81
\BOOKMARK [2][]{subsection.11.2}{11.2. The initial case:}{section.11}% 82
\BOOKMARK [2][]{subsection.11.3}{11.3. The descent case}{section.11}% 83
\BOOKMARK [3][]{subsubsection.11.3.1}{11.3.1. Unipotent representations attached to O}{subsection.11.3}% 84
\BOOKMARK [3][]{subsubsection.11.3.2}{11.3.2. Unipotent representations attached to O}{subsection.11.3}% 85
\BOOKMARK [3][]{subsubsection.11.3.3}{11.3.3. }{subsection.11.3}% 86
\BOOKMARK [2][]{subsection.11.4}{11.4. The general descent case}{section.11}% 87
\BOOKMARK [3][]{subsubsection.11.4.1}{11.4.1. Local systems}{subsection.11.4}% 88
\BOOKMARK [3][]{subsubsection.11.4.2}{11.4.2. Unipotent representations attached to O}{subsection.11.4}% 89
\BOOKMARK [3][]{subsubsection.11.4.3}{11.4.3. Unipotent representations attached to O}{subsection.11.4}% 90
\BOOKMARK [3][]{subsubsection.11.4.4}{11.4.4. Noticed orbits}{subsection.11.4}% 91
\BOOKMARK [3][]{subsubsection.11.4.5}{11.4.5. The maps +O, -O and O}{subsection.11.4}% 92
\BOOKMARK [1][]{section.12}{12. Matrix coefficient integrals and degenerate principal series}{}% 93
\BOOKMARK [2][]{subsection.12.1}{12.1. Matrix coefficients: growth and positivity}{section.12}% 94
\BOOKMARK [2][]{subsection.12.2}{12.2. Theta lifting via matrix coefficient integrals}{section.12}% 95
\BOOKMARK [3][]{subsubsection.12.2.1}{12.2.1. Matrix coefficient integrals against oscillator representations}{subsection.12.2}% 96
\BOOKMARK [3][]{subsubsection.12.2.2}{12.2.2. Unitarity}{subsection.12.2}% 97
\BOOKMARK [2][]{subsection.12.3}{12.3. An equality of associated characters in the convergent range}{section.12}% 98
\BOOKMARK [3][]{subsubsection.12.3.1}{12.3.1. Doubling}{subsection.12.3}% 99
\BOOKMARK [3][]{subsubsection.12.3.2}{12.3.2. On certain induced orbits}{subsection.12.3}% 100
\BOOKMARK [3][]{subsubsection.12.3.3}{12.3.3. Finishing the proof when G is a real orthogonal group}{subsection.12.3}% 101
\BOOKMARK [3][]{subsubsection.12.3.4}{12.3.4. Finishing the proof when G is a real symplectic group}{subsection.12.3}% 102
\BOOKMARK [3][]{subsubsection.12.3.5}{12.3.5. Finishing the proof when G is a quaternionic symplectic group}{subsection.12.3}% 103
\BOOKMARK [3][]{subsubsection.12.3.6}{12.3.6. Finishing the proof when G is a quaternionic orthogonal group}{subsection.12.3}% 104
\BOOKMARK [1][]{section.13}{13. The unipotent representations construction and iterated theta lifting}{}% 105
\BOOKMARK [2][]{subsection.13.1}{13.1. The construction}{section.13}% 106
\BOOKMARK [1][]{section.14}{14. Concluding remarks}{}% 107
\BOOKMARK [1][]{appendix.A}{Appendix A. Combinatorial parameterization of special unipotent representations}{}% 108
\BOOKMARK [2][]{subsection.A.1}{A.1. Parameterize of Unipotent representations}{appendix.A}% 109
\BOOKMARK [2][]{subsection.A.2}{A.2. Combinatorics of Weyl group representations}{appendix.A}% 110
\BOOKMARK [3][]{subsubsection.A.2.1}{A.2.1. Coherent continuation representations}{subsection.A.2}% 111
\BOOKMARK [1][]{appendix.B}{Appendix B. A few geometric facts}{}% 112
\BOOKMARK [2][]{subsection.B.1}{B.1. Geometry of moment maps}{appendix.B}% 113
\BOOKMARK [3][]{subsubsection.B.1.1}{B.1.1. Scheme theoretical results on descents}{subsection.B.1}% 114
\BOOKMARK [3][]{subsubsection.B.1.2}{B.1.2. Scheme theoretical results on generalized descents of good orbits}{subsection.B.1}% 115
\BOOKMARK [2][]{subsection.B.2}{B.2. Proof of lem:indR}{appendix.B}% 116
\BOOKMARK [1][]{section*.2}{References}{}% 117
