\BOOKMARK [1][]{section.1}{1. Introduction and the main results}{}% 1
\BOOKMARK [2][]{subsection.1.1}{1.1. Unitary representations and the orbit method}{section.1}% 2
\BOOKMARK [2][]{subsection.1.2}{1.2. Special unipotent representations of classical groups of type B, C or D}{section.1}% 3
\BOOKMARK [2][]{subsection.1.3}{1.3. Combinatorial construct: painted bipartitions}{section.1}% 4
\BOOKMARK [2][]{subsection.1.4}{1.4. Counting special unipotent representations by painted bipartitions}{section.1}% 5
\BOOKMARK [2][]{subsection.1.5}{1.5. Descending painted bipartitions and constructing representations by induction}{section.1}% 6
\BOOKMARK [2][]{subsection.1.6}{1.6. Computing associated cycles of the constructed representations}{section.1}% 7
\BOOKMARK [1][]{section.2}{2. Descents of painted bipartitions: combinatorics}{}% 8
\BOOKMARK [2][]{subsection.2.1}{2.1. Naive descent of a painted bipartition }{section.2}% 9
\BOOKMARK [2][]{subsection.2.2}{2.2. Descents of painted bipartitions}{section.2}% 10
\BOOKMARK [1][]{section.3}{3. From painted bipartitions to associated cycles}{}% 11
\BOOKMARK [2][]{subsection.3.1}{3.1. Classical spaces}{section.3}% 12
\BOOKMARK [2][]{subsection.3.2}{3.2. The moment maps}{section.3}% 13
\BOOKMARK [2][]{subsection.3.3}{3.3. Geometric theta lift}{section.3}% 14
\BOOKMARK [2][]{subsection.3.4}{3.4. Associated cycles of painted bipartitions}{section.3}% 15
\BOOKMARK [2][]{subsection.3.5}{3.5. Distinguishing the constructed representations}{section.3}% 16
\BOOKMARK [1][]{section.4}{4. Theta lifts via matrix coefficient integrals}{}% 17
\BOOKMARK [2][]{subsection.4.1}{4.1. The oscillator representation}{section.4}% 18
\BOOKMARK [2][]{subsection.4.2}{4.2. Growth of Casselman-Wallach representations}{section.4}% 19
\BOOKMARK [2][]{subsection.4.3}{4.3. Matrix coefficient integrals against the oscillator representation}{section.4}% 20
\BOOKMARK [2][]{subsection.4.4}{4.4. Unitarity}{section.4}% 21
\BOOKMARK [1][]{section.5}{5. Double theta lifts and degenerate principal series}{}% 22
\BOOKMARK [2][]{subsection.5.1}{5.1. Matrix coefficient integrals and double theta lifts}{section.5}% 23
\BOOKMARK [2][]{subsection.5.2}{5.2. Matrix coefficient integrals against degenerate principal series}{section.5}% 24
\BOOKMARK [2][]{subsection.5.3}{5.3. Double theta lifts and parabolic induction}{section.5}% 25
\BOOKMARK [1][]{section.6}{6. Bounding the associated cycles}{}% 26
\BOOKMARK [2][]{subsection.6.1}{6.1. Associated cycles}{section.6}% 27
\BOOKMARK [2][]{subsection.6.2}{6.2. Algebraic theta lifts and commutative theta lifts}{section.6}% 28
\BOOKMARK [2][]{subsection.6.3}{6.3. Regular descent of a nilpotent orbit}{section.6}% 29
\BOOKMARK [2][]{subsection.6.4}{6.4. Commutative theta lifts and geometric theta lifts}{section.6}% 30
\BOOKMARK [2][]{subsection.6.5}{6.5. Algebraic theta lifts and geometric theta lifts}{section.6}% 31
\BOOKMARK [2][]{subsection.6.6}{6.6. Geometries of regular descent}{section.6}% 32
\BOOKMARK [1][]{section.7}{7. Nilpotent orbits: combinatorics}{}% 33
\BOOKMARK [2][]{subsection.7.1}{7.1. Young diagrams, signed Young diagrams and admissible orbit data}{section.7}% 34
\BOOKMARK [2][]{subsection.7.2}{7.2. Operations on diagrams}{section.7}% 35
\BOOKMARK [2][]{subsection.7.3}{7.3. Theta lifts of local systems}{section.7}% 36
\BOOKMARK [2][]{subsection.7.4}{7.4. Induced orbits and double geometric lifts}{section.7}% 37
\BOOKMARK [1][]{section.8}{8. Properties of painted bipartitions}{}% 38
\BOOKMARK [2][]{subsection.8.1}{8.1. Vanishing propotition}{section.8}% 39
\BOOKMARK [2][]{subsection.8.2}{8.2. Tails of painted bipartitions}{section.8}% 40
\BOOKMARK [2][]{subsection.8.3}{8.3. Some properties of the descent maps}{section.8}% 41
\BOOKMARK [1][]{section.9}{9. Proof of thmpitau}{}% 42
\BOOKMARK [1][]{section.10}{10. Associated cycles and the exhaustion of special representations}{}% 43
\BOOKMARK [2][]{subsection.10.1}{10.1. Properties of L}{section.10}% 44
\BOOKMARK [2][]{subsection.10.2}{10.2. The initial cases}{section.10}% 45
\BOOKMARK [2][]{subsection.10.3}{10.3. The general case for `32768C,}{section.10}% 46
\BOOKMARK [2][]{section*.2}{The case when r1\(\)>r2\(\)}{section.10}% 47
\BOOKMARK [3][]{section*.3}{Proof of lem:ac0}{section*.2}% 48
\BOOKMARK [3][]{section*.4}{Proof of lem:C \(a\)}{section*.2}% 49
\BOOKMARK [2][]{subsection.10.4}{10.4. The general case for `32768B,D}{section.10}% 50
\BOOKMARK [2][]{section*.5}{Proof of lem:ac0. }{section.10}% 51
\BOOKMARK [2][]{section*.6}{Proof of lem:BD2 }{section.10}% 52
\BOOKMARK [2][]{section*.7}{Proof of lem:BD \(a\) }{section.10}% 53
\BOOKMARK [2][]{section*.8}{Proof of lem:BD \(b\) }{section.10}% 54
\BOOKMARK [2][]{section*.9}{Proof of lem:BD3 \(b\)}{section.10}% 55
\BOOKMARK [2][]{section*.10}{Proof of lem:BD3 \(c\)}{section.10}% 56
\BOOKMARK [2][]{section*.11}{Proof of lem:BD3 \(a\)}{section.10}% 57
\BOOKMARK [1][]{section*.12}{References}{}% 58
